

*******************************************************************************
Sat Nov 27 17:19:48 2010


FIT:    data read from "./test.lol"
        format = z
        #datapoints = 69
        residuals are weighted equally (unit weight)

function used for fitting: f(x)
fitted parameters initialized with current variable values



 Iteration 0
 WSSR        : 245.292           delta(WSSR)/WSSR   : 0
 delta(WSSR) : 0                 limit for stopping : 1e-05
 lambda	  : 2.50604

initial set of free parameter values

a               = 1
b               = 1

After 3 iterations the fit converged.
final sum of squares of residuals : 4.73692
rel. change during last iteration : -7.38726e-06

degrees of freedom    (FIT_NDF)                        : 67
rms of residuals      (FIT_STDFIT) = sqrt(WSSR/ndf)    : 0.265895
variance of residuals (reduced chisquare) = WSSR/ndf   : 0.0707003

Final set of parameters            Asymptotic Standard Error
=======================            ==========================

a               = 1.6027           +/- 0.03547      (2.213%)
b               = 0.81047          +/- 0.1206       (14.88%)


correlation matrix of the fit parameters:

               a      b      
a               1.000 
b              -0.964  1.000 
