db_0059_4cf16563.pbm Y
db_0075_4cf16564.pbm u
db_0076_4cf16565.pbm v
db_005a_4cf16566.pbm Z
db_0041_4cf16567.pbm A
db_0065_4cf16569.pbm e
db_0074_4cf1656a.pbm t
db_0043_4cf1656b.pbm C
db_0066_4cf1656d.pbm f
db_0048_4cf1656e.pbm H
db_0039_4cf1656f.pbm 9
db_0070_4cf16570.pbm p
db_0046_4cf16571.pbm F
db_006e_4cf16572.pbm n
db_0072_4cf16573.pbm r
db_0035_4cf16574.pbm 5
db_0064_4cf16576.pbm d
db_0054_4cf16577.pbm T
db_0053_4cf16577.pbm S
db_004b_4cf16578.pbm K
db_0077_4cf16579.pbm w
db_004d_4cf1657b.pbm M
db_004c_4cf1657c.pbm L
db_0063_4cf1657d.pbm c
db_0034_4cf1657e.pbm 4
db_006d_4cf1657f.pbm m
db_0068_4cf16580.pbm h
db_0052_4cf16581.pbm R
db_0073_4cf16581.pbm s
db_0042_4cf16583.pbm B
db_0033_4cf16584.pbm 3
db_0062_4cf16585.pbm b
db_0036_4cf16586.pbm 6
db_0067_4cf16587.pbm g
db_0061_4cf16588.pbm a
db_0038_4cf16589.pbm 8
db_0044_4cf1658b.pbm D
db_006d_4cf1658c.pbm m
db_004e_4cf1658e.pbm N
db_0045_4cf1658f.pbm E
db_0056_4cf1658f.pbm V
db_0075_4cf16591.pbm u
db_0044_4cf16592.pbm D
db_0077_4cf16593.pbm w
db_006b_4cf16594.pbm k
db_0032_4cf16595.pbm 2
db_0062_4cf16596.pbm b
db_0050_4cf16598.pbm P
db_007a_4cf16599.pbm z
db_0037_4cf1659b.pbm 7
db_0059_4cf1659c.pbm Y
db_0066_4cf1659d.pbm f
db_0055_4cf1659e.pbm U
db_0057_4cf165a0.pbm W
db_0048_4cf165a1.pbm H
db_0053_4cf165a2.pbm S
db_0038_4cf165a3.pbm 8
db_0036_4cf165a5.pbm 6
db_006c_4cf165a9.pbm l
db_007a_4cf165aa.pbm z
db_0076_4cf165ab.pbm v
db_007a_4cf165ac.pbm z
db_0047_4cf165ad.pbm G
db_0054_4cf165ae.pbm T
db_0035_4cf165b0.pbm 5
db_0068_4cf165b1.pbm h
db_0059_4cf165b2.pbm Y
db_0079_4cf165b3.pbm y
db_005a_4cf165b4.pbm Z
db_0047_4cf165b5.pbm G
db_0052_4cf165b6.pbm R
db_0055_4cf165b8.pbm U
db_0072_4cf165b9.pbm r
db_004d_4cf165ba.pbm M
db_0057_4cf165bc.pbm W
db_0052_4cf165bd.pbm R
db_0053_4cf165bd.pbm S
db_0054_4cf165bf.pbm T
db_0079_4cf165c0.pbm y
db_0065_4cf165c2.pbm e
db_0074_4cf165c3.pbm t
db_0079_4cf165c4.pbm y
db_0059_4cf165c5.pbm Y
db_0077_4cf165c6.pbm w
db_0043_4cf165c7.pbm C
db_0050_4cf165c9.pbm P
db_004b_4cf165ca.pbm K
db_0045_4cf165cb.pbm E
db_006b_4cf165cc.pbm k
db_006e_4cf165ce.pbm n
db_0056_4cf165d0.pbm "VW"
db_0041_4cf165d3.pbm A
db_0066_4cf165d4.pbm f
db_0039_4cf165d6.pbm 9
db_004c_4cf165d7.pbm L
db_0073_4cf165d8.pbm s
db_0032_4cf165d9.pbm 2
db_0079_4cf165dd.pbm "yt"
db_0054_4cf165e0.pbm "Te"
db_0063_4cf165e2.pbm c
db_005a_4cf165e3.pbm Z
db_0057_4cf165e6.pbm W
db_0067_4cf165e7.pbm g
db_0076_4cf165eb.pbm v
